2026-01-28 21:58:11,071 - INFO - Starting game client...
2026-01-28 21:58:11,071 - INFO - Initializing Pygame...
2026-01-28 21:58:11,214 - INFO - Pygame initialized. Creating window...
2026-01-28 21:58:11,289 - INFO - Attempting to connect to 127.0.0.1:5555...
2026-01-28 21:58:11,291 - INFO - Connected to server successfully.
2026-01-28 21:58:11,292 - INFO - Entering main game loop...
2026-01-28 21:59:15,078 - INFO - Quit event received.
2026-01-28 21:59:15,080 - INFO - Quitting pygame...
2026-01-28 22:04:08,833 - INFO - Starting game client...
2026-01-28 22:04:08,841 - INFO - Initializing Pygame...
2026-01-28 22:04:08,950 - INFO - Pygame initialized. Creating window...
2026-01-28 22:04:09,010 - INFO - Attempting to connect to 127.0.0.1:5555...
2026-01-28 22:04:09,012 - INFO - Connected to server successfully.
2026-01-28 22:04:09,013 - INFO - Entering main game loop...
2026-01-28 22:04:23,406 - INFO - Quit event received.
2026-01-28 22:04:23,408 - INFO - Quitting pygame...
2026-01-28 22:07:06,901 - INFO - Starting game client...
2026-01-28 22:07:06,901 - INFO - Initializing Pygame...
2026-01-28 22:07:07,055 - INFO - Pygame initialized. Creating window...
2026-01-28 22:07:07,137 - INFO - Entering main loop...
2026-01-28 22:07:15,627 - INFO - User Guest clicked login. Connecting...
2026-01-28 22:07:15,628 - INFO - Attempting to connect to 127.0.0.1:5555...
2026-01-28 22:07:15,629 - INFO - Connected to server successfully.
2026-01-28 22:07:22,128 - INFO - Quitting pygame...
2026-01-28 22:11:49,603 - INFO - Starting game client...
2026-01-28 22:11:49,603 - INFO - Initializing Pygame...
2026-01-28 22:11:49,778 - INFO - Pygame initialized. Creating window...
2026-01-28 22:11:49,852 - INFO - Attempting to connect to 127.0.0.1:5555...
2026-01-28 22:11:49,855 - INFO - Connected to server successfully.
2026-01-28 22:11:49,857 - INFO - Entering main loop...
2026-01-28 22:19:42,139 - INFO - Starting game client...
2026-01-28 22:19:42,140 - INFO - Initializing Pygame...
2026-01-28 22:19:42,355 - INFO - Pygame initialized. Creating window...
2026-01-28 22:19:42,453 - ERROR - Failed to load sprites: No file 'assets/spritesheet.png' found in working directory 'D:\NewGameProject'.
2026-01-28 22:19:42,453 - INFO - Attempting to connect to 127.0.0.1:5555...
2026-01-28 22:19:42,454 - INFO - Connected to server successfully.
2026-01-28 22:19:42,455 - INFO - Entering main loop...
2026-01-28 22:20:00,479 - INFO - Quitting pygame...
2026-01-28 22:23:14,204 - INFO - Starting game client...
2026-01-28 22:23:14,208 - INFO - Initializing Pygame...
2026-01-28 22:23:14,401 - INFO - Pygame initialized. Creating window...
2026-01-28 22:23:14,540 - ERROR - Failed to load sprites: No file 'assets/spritesheet.png' found in working directory 'D:\NewGameProject'.
2026-01-28 22:23:14,540 - INFO - Entering main loop...
2026-01-28 22:23:30,717 - INFO - Quitting pygame...
2026-01-28 22:25:57,703 - INFO - Starting game client...
2026-01-28 22:25:57,705 - INFO - Initializing Pygame...
2026-01-28 22:25:57,823 - INFO - Pygame initialized. Creating window...
2026-01-28 22:25:57,887 - ERROR - Failed to load sprites: No file 'assets/spritesheet.png' found in working directory 'D:\NewGameProject'.
2026-01-28 22:25:57,888 - INFO - Entering main loop...
2026-01-28 22:26:49,844 - INFO - Starting game client...
2026-01-28 22:26:49,844 - INFO - Initializing Pygame...
2026-01-28 22:26:49,954 - INFO - Pygame initialized. Creating window...
2026-01-28 22:26:50,007 - ERROR - Failed to load sprites: No file 'assets/spritesheet.png' found in working directory 'D:\NewGameProject'.
2026-01-28 22:26:50,008 - INFO - Entering main loop...
2026-01-28 22:29:50,366 - INFO - Starting game client...
2026-01-28 22:29:50,366 - INFO - Initializing Pygame...
2026-01-28 22:29:50,478 - INFO - Pygame initialized. Creating window...
2026-01-28 22:29:50,519 - ERROR - Failed to load sprites: No file 'assets/spritesheet.png' found in working directory 'D:\NewGameProject'.
2026-01-28 22:29:50,519 - INFO - Entering main loop...
2026-01-28 22:30:31,293 - INFO - Quitting pygame...
2026-01-28 22:32:00,988 - INFO - Starting game client...
2026-01-28 22:32:00,988 - INFO - Initializing Pygame...
2026-01-28 22:32:01,102 - INFO - Pygame initialized. Creating window...
2026-01-28 22:32:01,161 - ERROR - Failed to load sprites: No file 'assets/spritesheet.png' found in working directory 'D:\NewGameProject'.
2026-01-28 22:32:01,162 - INFO - Entering main loop...
2026-01-28 22:43:35,705 - INFO - Starting game client...
2026-01-28 22:43:35,705 - INFO - Initializing Pygame...
2026-01-28 22:43:35,954 - INFO - Pygame initialized. Creating window...
2026-01-28 22:43:36,046 - ERROR - Failed to load sprites: No file 'assets/spritesheet.png' found in working directory 'D:\NewGameProject'.
2026-01-28 22:43:36,046 - INFO - Entering main loop...
2026-01-28 22:43:36,049 - CRITICAL - CRASH DETECTED!
Traceback (most recent call last):
  File "D:\NewGameProject\client\main.py", line 603, in <module>
    game.run()
  File "D:\NewGameProject\client\main.py", line 585, in run
    self.process_network_messages()
    ^^^^^^^^^^^^^^^^^^^^^^^^^^^^^
AttributeError: 'GameClient' object has no attribute 'process_network_messages'
2026-01-28 22:48:44,482 - INFO - Starting game client...
2026-01-28 22:48:44,521 - INFO - Initializing Pygame...
2026-01-28 22:48:44,918 - INFO - Pygame initialized. Creating window...
2026-01-28 22:48:45,064 - ERROR - Failed to load sprites: No file 'assets/spritesheet.png' found in working directory 'D:\NewGameProject'.
2026-01-28 22:48:45,065 - INFO - Entering main loop...
2026-01-28 22:50:08,472 - INFO - Quitting pygame...
2026-01-28 22:58:23,977 - INFO - Starting game client...
2026-01-28 22:58:23,977 - INFO - Initializing Pygame...
2026-01-28 22:58:24,208 - INFO - Pygame initialized. Creating window...
2026-01-28 22:58:24,325 - ERROR - Failed to load sprites: No file 'assets/spritesheet.png' found in working directory 'D:\NewGameProject'.
2026-01-28 22:58:24,325 - ERROR - Failed to load map: No file 'assets/map.png' found in working directory 'D:\NewGameProject'.
2026-01-28 22:58:24,325 - INFO - Entering main loop...
2026-01-28 22:59:01,396 - INFO - Quitting pygame...
2026-02-03 19:57:45,808 - INFO - Starting game client...
2026-02-03 19:57:45,809 - INFO - Initializing Pygame...
2026-02-03 19:57:45,994 - INFO - Pygame initialized. Creating window...
2026-02-03 19:57:46,150 - ERROR - Failed to load sprites: No file 'assets/spritesheet.png' found in working directory 'D:\NewGameProject'.
2026-02-03 19:57:46,180 - INFO - Entering main loop...
2026-02-03 19:58:41,370 - INFO - Quitting pygame...
2026-02-03 20:10:55,525 - INFO - Starting game client...
2026-02-03 20:10:55,529 - INFO - Initializing Pygame...
2026-02-03 20:10:55,692 - INFO - Pygame initialized. Creating window...
2026-02-03 20:10:55,833 - ERROR - Failed to load sprites: No file 'assets/spritesheet.png' found in working directory 'D:\NewGameProject'.
2026-02-03 20:10:55,921 - INFO - Entering main loop...
2026-02-03 20:16:20,034 - INFO - Quitting pygame...
2026-02-03 20:19:56,181 - INFO - Starting game client...
2026-02-03 20:19:56,183 - INFO - Initializing Pygame...
2026-02-03 20:19:56,315 - INFO - Pygame initialized. Creating window...
2026-02-03 20:19:56,429 - ERROR - Failed to load sprites: No file 'assets/spritesheet.png' found in working directory 'D:\NewGameProject'.
2026-02-03 20:19:56,500 - INFO - Entering main loop...
2026-02-03 20:20:05,773 - CRITICAL - CRASH DETECTED!
Traceback (most recent call last):
  File "D:\NewGameProject\client\main.py", line 725, in <module>
    game.run()
  File "D:\NewGameProject\client\main.py", line 716, in run
    self.handle_game()
  File "D:\NewGameProject\client\main.py", line 669, in handle_game
    self.draw_character(self.screen, sx, sy, self.my_appearance, self.camera.zoom_level)
TypeError: GameClient.draw_character() takes 5 positional arguments but 6 were given
2026-02-03 20:25:27,747 - INFO - Starting game client...
2026-02-03 20:25:27,749 - INFO - Initializing Pygame...
2026-02-03 20:25:27,926 - INFO - Pygame initialized. Creating window...
2026-02-03 20:25:28,303 - INFO - Entering main loop...
2026-02-03 20:25:55,974 - INFO - Quitting pygame...
2026-02-03 20:40:15,248 - INFO - Starting game client...
2026-02-03 20:40:15,249 - INFO - Initializing Pygame...
2026-02-03 20:40:15,395 - INFO - Pygame initialized. Creating window...
2026-02-03 20:40:15,767 - INFO - Entering main loop...
2026-02-03 20:40:27,093 - CRITICAL - CRASH DETECTED!
Traceback (most recent call last):
  File "D:\NewGameProject\client\main.py", line 832, in <module>
    game.run()
  File "D:\NewGameProject\client\main.py", line 823, in run
    self.handle_game()
  File "D:\NewGameProject\client\main.py", line 632, in handle_game
    self.send_pos()
    ^^^^^^^^^^^^^
AttributeError: 'GameClient' object has no attribute 'send_pos'. Did you mean: 'send_json'?
2026-02-03 20:43:17,045 - INFO - Starting game client...
2026-02-03 20:43:17,045 - INFO - Initializing Pygame...
2026-02-03 20:43:17,164 - INFO - Pygame initialized. Creating window...
2026-02-03 20:43:17,391 - INFO - Entering main loop...
2026-02-03 20:44:00,042 - INFO - Quitting pygame...
2026-02-03 20:46:24,720 - INFO - Starting game client...
2026-02-03 20:46:24,723 - INFO - Initializing Pygame...
2026-02-03 20:46:25,016 - INFO - Pygame initialized. Creating window...
2026-02-03 20:46:25,556 - INFO - Entering main loop...
2026-02-03 20:46:55,980 - INFO - Quitting pygame...
2026-02-03 20:55:23,054 - INFO - Starting game client...
2026-02-03 20:55:23,271 - INFO - Entering main loop...
2026-02-03 20:55:23,295 - ERROR - Loading Error at step 0: name 'os' is not defined
2026-02-03 20:55:23,307 - CRITICAL - CRASH DETECTED!
Traceback (most recent call last):
  File "D:\NewGameProject\client\main.py", line 889, in <module>
    game.run()
  File "D:\NewGameProject\client\main.py", line 861, in run
    self.process_network_messages()
  File "D:\NewGameProject\client\main.py", line 326, in process_network_messages
    while not self.network_queue.empty():
              ^^^^^^^^^^^^^^^^^^
AttributeError: 'GameClient' object has no attribute 'network_queue'
2026-02-03 20:56:35,114 - INFO - Starting game client...
2026-02-03 20:56:35,527 - INFO - Entering main loop...
2026-02-03 20:56:36,509 - CRITICAL - CRASH DETECTED!
Traceback (most recent call last):
  File "D:\NewGameProject\client\main.py", line 891, in <module>
    game.run()
  File "D:\NewGameProject\client\main.py", line 864, in run
    self.handle_login_screen()
  File "D:\NewGameProject\client\main.py", line 395, in handle_login_screen
    if self.status_msg:
       ^^^^^^^^^^^^^^^
AttributeError: 'GameClient' object has no attribute 'status_msg'
2026-02-03 20:59:02,377 - INFO - Starting game client...
2026-02-03 20:59:02,675 - INFO - Entering main loop...
2026-02-03 20:59:39,884 - INFO - Quitting pygame...
2026-02-03 21:03:49,651 - INFO - Starting game client...
2026-02-03 21:03:49,899 - INFO - Entering main loop...
